<?xml version="1.0" encoding="UTF-8"?>
<testng-results ignored="0" total="1" passed="1" failed="0" skipped="0">
  <reporter-output>
  </reporter-output>
  <suite started-at="2022-11-18T10:30:50 COT" name="Default suite" finished-at="2022-11-18T10:31:26 COT" duration-ms="35888">
    <groups>
      <group name="cucumber">
        <method signature="AbstractTestNGCucumberTests.runScenario(io.cucumber.testng.PickleWrapper,io.cucumber.testng.FeatureWrapper)[pri:0, instance:run.RunTest@428640fa]" name="runScenario" class="io.cucumber.testng.AbstractTestNGCucumberTests"/>
      </group> <!-- cucumber -->
    </groups>
    <test started-at="2022-11-18T10:30:50 COT" name="Default test" finished-at="2022-11-18T10:31:26 COT" duration-ms="35888">
      <class name="run.RunTest">
        <test-method is-config="true" signature="setUpClass(org.testng.ITestContext)[pri:0, instance:run.RunTest@428640fa]" started-at="2022-11-18T10:30:50 COT" name="setUpClass" finished-at="2022-11-18T10:30:50 COT" duration-ms="429" status="PASS">
          <params>
            <param index="0">
              <value>
                <![CDATA[org.testng.TestRunner@144ab54]]>
              </value>
            </param>
          </params>
          <reporter-output>
          </reporter-output>
        </test-method> <!-- setUpClass -->
        <test-method signature="runScenario(io.cucumber.testng.PickleWrapper,io.cucumber.testng.FeatureWrapper)[pri:0, instance:run.RunTest@428640fa]" started-at="2022-11-18T10:30:50 COT" name="runScenario" description="Runs Cucumber Scenarios" data-provider="scenarios" finished-at="2022-11-18T10:31:26 COT" duration-ms="35412" status="PASS">
          <params>
            <param index="0">
              <value>
                <![CDATA["filter price"]]>
              </value>
            </param>
            <param index="1">
              <value>
                <![CDATA["Optional[Falabella test cases]"]]>
              </value>
            </param>
          </params>
          <reporter-output>
          </reporter-output>
        </test-method> <!-- runScenario -->
        <test-method is-config="true" signature="tearDownClass()[pri:0, instance:run.RunTest@428640fa]" started-at="2022-11-18T10:31:26 COT" name="tearDownClass" finished-at="2022-11-18T10:31:26 COT" duration-ms="18" status="PASS">
          <reporter-output>
          </reporter-output>
        </test-method> <!-- tearDownClass -->
      </class> <!-- run.RunTest -->
    </test> <!-- Default test -->
  </suite> <!-- Default suite -->
</testng-results>
